<?xml version="1.0" encoding="UTF-8"?>
<!-- Generated by org.testng.reporters.JUnitXMLReporter -->
<testsuite hostname="TDG-MBL-GDL623" name="Validation Tittle in the page" tests="1" failures="1" timestamp="27 Jun 2019 20:50:00 GMT" time="71.647" errors="0">
  <testcase name="basePageNavigation" time="0.049" classname="Academy.validateTittle">
    <failure type="java.lang.AssertionError" message="expected [FEATURED COURSES123] but found [FEATURED COURSES]">
      <![CDATA[java.lang.AssertionError: expected [FEATURED COURSES123] but found [FEATURED COURSES]
	at Academy.validateTittle.basePageNavigation(validateTittle.java:34)
... Removed 29 stack frames]]>
    </failure>
  </testcase> <!-- basePageNavigation -->
</testsuite> <!-- Validation Tittle in the page -->
